SF:lib/core/services/httpServiceProvider/api_response.dart
DA:21,1
LF:1
LH:1
end_of_record
SF:lib/core/services/httpServiceProvider/http_service.dart
DA:15,0
DA:16,0
DA:22,0
DA:25,0
DA:30,0
DA:31,0
DA:34,0
DA:35,0
DA:39,0
DA:49,0
DA:59,0
DA:67,0
DA:69,0
DA:71,0
DA:78,0
DA:90,0
DA:100,0
DA:102,0
DA:104,0
LF:19
LH:0
end_of_record
SF:lib/core/models/listingModel/listing_model.dart
DA:14,1
DA:15,1
DA:26,1
DA:27,1
LF:4
LH:4
end_of_record
SF:lib/core/models/listingModel/listing_model.g.dart
DA:9,1
DA:10,1
DA:11,1
DA:12,1
DA:13,1
DA:14,2
DA:15,1
DA:19,0
DA:20,0
DA:21,0
DA:22,0
DA:25,1
DA:27,1
DA:28,1
DA:29,1
DA:30,1
DA:33,0
DA:35,0
DA:36,0
DA:37,0
DA:38,0
LF:21
LH:12
end_of_record
SF:lib/core/providers/hotListingStore/hot_listing_store.dart
DA:10,1
DA:12,1
DA:17,1
DA:18,1
DA:20,3
DA:22,1
DA:23,2
DA:26,2
DA:27,2
DA:28,1
DA:30,2
DA:31,2
DA:32,3
DA:33,1
DA:36,2
LF:15
LH:15
end_of_record
SF:lib/core/providers/hotListingStore/hot_listing_store.g.dart
DA:9,1
DA:13,2
DA:14,1
LF:3
LH:3
end_of_record
SF:lib/core/services/httpServiceProvider/http_service_provider.g.dart
DA:9,0
DA:13,3
LF:2
LH:1
end_of_record
SF:lib/core/services/httpServiceProvider/http_service_provider.dart
DA:7,0
DA:9,0
LF:2
LH:0
end_of_record
SF:lib/components/home_screen_scaffold.dart
DA:11,0
DA:13,0
DA:14,0
DA:16,0
DA:19,0
DA:22,0
DA:28,0
DA:30,0
DA:31,0
DA:33,0
DA:34,0
DA:36,0
DA:37,0
DA:42,0
DA:44,0
DA:45,0
DA:46,0
DA:52,0
DA:53,0
LF:19
LH:0
end_of_record
SF:lib/router/app_router.dart
DA:6,0
DA:7,0
DA:9,0
DA:11,0
DA:12,0
LF:5
LH:0
end_of_record
SF:lib/screens/HotListingsScreen/hot_listings_screen.dart
DA:8,2
DA:10,0
DA:12,0
DA:14,0
LF:4
LH:1
end_of_record
SF:lib/screens/NewListingScreen/new_listing_screen.dart
DA:7,2
DA:9,0
DA:11,0
LF:3
LH:1
end_of_record
SF:lib/screens/RisingListingsScreen/rising_listing_screen.dart
DA:7,2
DA:9,0
DA:11,0
LF:3
LH:1
end_of_record
SF:lib/core/services/redditAPIService/reddit_api_service.dart
DA:11,1
DA:13,1
DA:17,2
DA:19,1
DA:26,0
DA:30,0
DA:32,0
DA:39,0
DA:43,0
DA:44,0
DA:51,1
DA:53,2
DA:55,1
LF:13
LH:7
end_of_record
SF:lib/core/services/redditAPIService/reddit_api_service.g.dart
DA:9,1
DA:13,3
LF:2
LH:2
end_of_record
SF:lib/core/services/httpServiceProvider/api_problem.dart
DA:7,0
DA:8,0
DA:10,0
DA:11,0
DA:12,0
DA:13,0
DA:14,0
DA:17,0
DA:18,0
DA:21,0
DA:22,0
DA:23,0
DA:27,0
DA:28,0
DA:31,0
DA:32,0
DA:35,0
DA:37,0
DA:38,0
DA:39,0
DA:44,0
DA:45,0
DA:46,0
DA:48,0
DA:50,0
DA:51,0
DA:55,0
DA:57,0
DA:59,0
DA:60,0
DA:65,0
DA:66,0
DA:69,0
DA:70,0
DA:72,0
DA:76,0
DA:78,0
DA:81,0
DA:86,0
DA:87,0
DA:88,0
DA:90,0
LF:42
LH:0
end_of_record
SF:lib/utils/toast_service.dart
DA:8,0
DA:17,0
DA:21,0
DA:30,0
DA:33,0
DA:34,0
DA:35,0
DA:36,0
DA:38,0
DA:39,0
DA:42,0
DA:51,0
DA:52,0
DA:64,0
DA:65,0
LF:15
LH:0
end_of_record
SF:lib/router/routes.dart
DA:8,0
DA:9,0
DA:11,0
DA:12,0
DA:13,0
DA:14,0
DA:15,0
DA:17,0
DA:18,0
DA:21,0
DA:22,0
DA:25,0
DA:28,0
DA:29,0
DA:31,0
DA:34,0
DA:35,0
DA:40,0
DA:42,0
DA:43,0
DA:45,0
DA:48,0
DA:49,0
LF:23
LH:0
end_of_record
SF:lib/main.dart
DA:9,0
DA:10,0
DA:12,0
LF:3
LH:0
end_of_record
SF:lib/main_app.dart
DA:6,1
DA:8,0
DA:10,0
DA:13,0
LF:4
LH:1
end_of_record
SF:lib/utils/state_logger.dart
DA:8,1
DA:9,0
DA:16,0
DA:18,0
DA:22,0
LF:5
LH:1
end_of_record
